<?xml version="1.0" encoding="UTF-8"?>
<coverage generated="1627193325787" clover="3.2.0">
  <project timestamp="1627193325787" name="All files">
    <metrics statements="5" coveredstatements="5" conditionals="0" coveredconditionals="0" methods="2" coveredmethods="2" elements="7" coveredelements="7" complexity="0" loc="5" ncloc="5" packages="1" files="1" classes="1"/>
    <file name="Navbar.vue" path="/Volumes/Development/Projects/training/vue-unit-test-tdd/src/components/Navbar.vue">
      <metrics statements="5" coveredstatements="5" conditionals="0" coveredconditionals="0" methods="2" coveredmethods="2"/>
      <line num="12" count="1" type="stmt"/>
      <line num="15" count="2" type="stmt"/>
      <line num="16" count="1" type="stmt"/>
      <line num="19" count="1" type="stmt"/>
      <line num="23" count="5" type="stmt"/>
    </file>
  </project>
</coverage>
